<?xml version="1.0" encoding="UTF-8"?>
<!-- Generated by org.testng.reporters.JUnitReportReporter -->
<testsuite hostname="IN-LT-000064" failures="0" tests="2" name="com.qa.UIPTableTest.HomePageTest" time="3.227" errors="0" timestamp="2024-08-21T17:03:22 IST" skipped="0">
  <testcase classname="com.qa.UIPTableTest.HomePageTest" name="creatingGroup" time="3.209"/>
  <testcase classname="com.qa.UIPTableTest.HomePageTest" name="homePageTitleTest" time="0.018"/>
</testsuite> <!-- com.qa.UIPTableTest.HomePageTest -->
